[2023-08-17 17:08:43,584: INFO: main: Welcome vishwa]
[2023-08-17 23:23:07,168: INFO: main: >>>>>> stage Data Ingestion stage started <<<<<<]
[2023-08-17 23:23:07,183: INFO: common: yaml file: config\config.yaml loaded successfully]
[2023-08-17 23:23:07,184: INFO: common: yaml file: params.yaml loaded successfully]
[2023-08-17 23:23:07,186: INFO: common: created directory at: artifacts]
[2023-08-17 23:23:07,188: INFO: common: created directory at: artifacts/data_ingestion]
[2023-08-17 23:23:07,188: ERROR: main: name 'DataIngestion' is not defined]
Traceback (most recent call last):
  File "main.py", line 8, in <module>
    data_ingestion.main()
  File "c:\users\saivi\text_summarization_mlops\src\Text_Summarizer\pipeline\stage01_data_ingestion.py", line 11, in main
    data_ingestion = DataIngestion(config=data_ingestion_config)
NameError: name 'DataIngestion' is not defined
[2023-08-17 23:24:36,896: INFO: main: >>>>>> stage Data Ingestion stage started <<<<<<]
[2023-08-17 23:24:36,898: INFO: common: yaml file: config\config.yaml loaded successfully]
[2023-08-17 23:24:36,899: INFO: common: yaml file: params.yaml loaded successfully]
[2023-08-17 23:24:36,900: INFO: common: created directory at: artifacts]
[2023-08-17 23:24:36,903: INFO: common: created directory at: artifacts/data_ingestion]
[2023-08-17 23:24:38,476: INFO: data_ingestion: artifacts/data_ingestion/data.zip download! with following info: 
Connection: close
Content-Length: 7903594
Cache-Control: max-age=300
Content-Security-Policy: default-src 'none'; style-src 'unsafe-inline'; sandbox
Content-Type: application/zip
ETag: "dbc016a060da18070593b83afff580c9b300f0b6ea4147a7988433e04df246ca"
Strict-Transport-Security: max-age=31536000
X-Content-Type-Options: nosniff
X-Frame-Options: deny
X-XSS-Protection: 1; mode=block
X-GitHub-Request-Id: 9DEA:8585:C2E585:E3D473:64DF0630
Accept-Ranges: bytes
Date: Fri, 18 Aug 2023 06:24:36 GMT
Via: 1.1 varnish
X-Served-By: cache-pao-kpao1770051-PAO
X-Cache: HIT
X-Cache-Hits: 0
X-Timer: S1692339876.359550,VS0,VE153
Vary: Authorization,Accept-Encoding,Origin
Access-Control-Allow-Origin: *
Cross-Origin-Resource-Policy: cross-origin
X-Fastly-Request-ID: b73db7cbe07bbdc2a27f5c524dc372ce7ddff9ba
Expires: Fri, 18 Aug 2023 06:29:36 GMT
Source-Age: 0

]
[2023-08-17 23:24:38,620: INFO: main: >>>>>> stage Data Ingestion stage completed <<<<<<

x==========x]
[2023-08-18 10:50:53,399: INFO: common: yaml file: config\config.yaml loaded successfully]
[2023-08-18 10:50:53,406: INFO: common: yaml file: params.yaml loaded successfully]
[2023-08-18 10:50:53,408: INFO: common: created directory at: artifacts]
[2023-08-18 10:51:09,192: INFO: common: yaml file: config\config.yaml loaded successfully]
[2023-08-18 10:51:09,196: INFO: common: yaml file: params.yaml loaded successfully]
[2023-08-18 10:51:09,198: INFO: common: created directory at: artifacts]
[2023-08-18 10:52:21,750: INFO: main: >>>>>> stage Data Ingestion stage started <<<<<<]
[2023-08-18 10:52:21,762: INFO: common: yaml file: config\config.yaml loaded successfully]
[2023-08-18 10:52:21,764: INFO: common: yaml file: params.yaml loaded successfully]
[2023-08-18 10:52:21,766: INFO: common: created directory at: artifacts]
[2023-08-18 10:52:21,769: INFO: common: created directory at: artifacts/data_ingestion]
[2023-08-18 10:52:23,864: INFO: data_ingestion: artifacts/data_ingestion/data.zip download! with following info: 
Connection: close
Content-Length: 7903594
Cache-Control: max-age=300
Content-Security-Policy: default-src 'none'; style-src 'unsafe-inline'; sandbox
Content-Type: application/zip
ETag: "dbc016a060da18070593b83afff580c9b300f0b6ea4147a7988433e04df246ca"
Strict-Transport-Security: max-age=31536000
X-Content-Type-Options: nosniff
X-Frame-Options: deny
X-XSS-Protection: 1; mode=block
X-GitHub-Request-Id: 2F40:301B:D5D2D4:FB58C5:64DFAFD3
Accept-Ranges: bytes
Date: Fri, 18 Aug 2023 17:52:22 GMT
Via: 1.1 varnish
X-Served-By: cache-pao-kpao1770058-PAO
X-Cache: MISS
X-Cache-Hits: 0
X-Timer: S1692381142.684586,VS0,VE954
Vary: Authorization,Accept-Encoding,Origin
Access-Control-Allow-Origin: *
Cross-Origin-Resource-Policy: cross-origin
X-Fastly-Request-ID: cf58e17874302f05ad240c2570566c350c5f2e60
Expires: Fri, 18 Aug 2023 17:57:22 GMT
Source-Age: 1

]
[2023-08-18 10:52:24,089: INFO: main: >>>>>> stage Data Ingestion stage completed <<<<<<

x==========x]
[2023-08-18 10:52:42,988: INFO: common: yaml file: config\config.yaml loaded successfully]
[2023-08-18 10:52:42,991: INFO: common: yaml file: params.yaml loaded successfully]
[2023-08-18 10:52:42,993: INFO: common: created directory at: artifacts]
[2023-08-18 10:53:21,086: INFO: common: yaml file: config\config.yaml loaded successfully]
[2023-08-18 10:53:21,089: INFO: common: yaml file: params.yaml loaded successfully]
[2023-08-18 10:53:21,091: INFO: common: created directory at: artifacts]
[2023-08-18 10:55:00,770: INFO: common: yaml file: config\config.yaml loaded successfully]
[2023-08-18 10:55:00,770: INFO: common: yaml file: params.yaml loaded successfully]
[2023-08-18 10:55:00,770: INFO: common: created directory at: artifacts]
[2023-08-18 10:55:10,047: INFO: common: yaml file: config\config.yaml loaded successfully]
[2023-08-18 10:55:10,049: INFO: common: yaml file: params.yaml loaded successfully]
[2023-08-18 10:55:10,050: INFO: common: created directory at: artifacts]
[2023-08-18 10:58:51,683: INFO: common: yaml file: config\config.yaml loaded successfully]
[2023-08-18 10:58:51,686: INFO: common: yaml file: params.yaml loaded successfully]
[2023-08-18 10:58:51,687: INFO: common: created directory at: artifacts]
[2023-08-18 11:04:41,190: INFO: common: yaml file: config\config.yaml loaded successfully]
[2023-08-18 11:04:41,193: INFO: common: yaml file: params.yaml loaded successfully]
[2023-08-18 11:04:41,197: INFO: common: created directory at: artifacts]
[2023-08-18 11:05:51,653: INFO: common: yaml file: config\config.yaml loaded successfully]
[2023-08-18 11:05:51,656: INFO: common: yaml file: params.yaml loaded successfully]
[2023-08-18 11:05:51,659: INFO: common: created directory at: artifacts]
[2023-08-18 11:08:05,603: INFO: common: yaml file: config\config.yaml loaded successfully]
[2023-08-18 11:08:05,606: INFO: common: yaml file: params.yaml loaded successfully]
[2023-08-18 11:08:05,608: INFO: common: created directory at: artifacts]
[2023-08-18 11:08:05,609: INFO: common: created directory at: artifacts/data_validation]
[2023-08-18 11:29:10,080: INFO: main: >>>>>> stage Data Ingestion stage started <<<<<<]
[2023-08-18 11:29:10,082: INFO: common: yaml file: config\config.yaml loaded successfully]
[2023-08-18 11:29:10,084: INFO: common: yaml file: params.yaml loaded successfully]
[2023-08-18 11:29:10,085: INFO: common: created directory at: artifacts]
[2023-08-18 11:29:10,085: ERROR: main: 'ConfigurationManager' object has no attribute 'get_data_ingestion_config']
Traceback (most recent call last):
  File "main.py", line 9, in <module>
    data_ingestion.main()
  File "c:\users\saivi\text_summarization_mlops\src\Text_Summarizer\pipeline\stage01_data_ingestion.py", line 10, in main
    data_ingestion_config = config.get_data_ingestion_config()
AttributeError: 'ConfigurationManager' object has no attribute 'get_data_ingestion_config'
[2023-08-18 11:30:48,583: INFO: main: >>>>>> stage Data Ingestion stage started <<<<<<]
[2023-08-18 11:30:48,585: INFO: common: yaml file: config\config.yaml loaded successfully]
[2023-08-18 11:30:48,587: INFO: common: yaml file: params.yaml loaded successfully]
[2023-08-18 11:30:48,588: INFO: common: created directory at: artifacts]
[2023-08-18 11:30:48,589: INFO: common: created directory at: artifacts/data_ingestion]
[2023-08-18 11:30:50,546: INFO: data_ingestion: artifacts/data_ingestion/data.zip download! with following info: 
Connection: close
Content-Length: 7903594
Cache-Control: max-age=300
Content-Security-Policy: default-src 'none'; style-src 'unsafe-inline'; sandbox
Content-Type: application/zip
ETag: "dbc016a060da18070593b83afff580c9b300f0b6ea4147a7988433e04df246ca"
Strict-Transport-Security: max-age=31536000
X-Content-Type-Options: nosniff
X-Frame-Options: deny
X-XSS-Protection: 1; mode=block
X-GitHub-Request-Id: 951C:7A53:89AFEE:A2819B:64DFB8D8
Accept-Ranges: bytes
Date: Fri, 18 Aug 2023 18:30:49 GMT
Via: 1.1 varnish
X-Served-By: cache-pao-kpao1770072-PAO
X-Cache: MISS
X-Cache-Hits: 0
X-Timer: S1692383448.287181,VS0,VE1027
Vary: Authorization,Accept-Encoding,Origin
Access-Control-Allow-Origin: *
Cross-Origin-Resource-Policy: cross-origin
X-Fastly-Request-ID: ae1ffacd644e9ec8a2f9cc847dfb34f5c0faea15
Expires: Fri, 18 Aug 2023 18:35:49 GMT
Source-Age: 1

]
[2023-08-18 11:30:50,661: INFO: main: >>>>>> stage Data Ingestion stage completed <<<<<<

x==========x]
[2023-08-18 11:30:50,661: INFO: main: >>>>>> stage Data Validation stage started <<<<<<]
[2023-08-18 11:30:50,668: INFO: common: yaml file: config\config.yaml loaded successfully]
[2023-08-18 11:30:50,669: INFO: common: yaml file: params.yaml loaded successfully]
[2023-08-18 11:30:50,670: INFO: common: created directory at: artifacts]
[2023-08-18 11:30:50,670: INFO: common: created directory at: artifacts/data_validation]
[2023-08-18 11:30:50,674: INFO: main: >>>>>> stage Data Validation stage completed <<<<<<

x==========x]
