[2023-08-17 22:33:33,120: INFO: common: yaml file: config\config.yaml loaded successfully]
[2023-08-17 22:33:33,128: INFO: common: yaml file: params.yaml loaded successfully]
[2023-08-17 22:33:33,131: INFO: common: created directory at: artifacts]
[2023-08-17 22:33:33,132: INFO: common: created directory at: artifacts/data_ingestion]
[2023-08-17 22:33:33,844: INFO: 3105121029: artifacts/data_ingestion/data.zip download! with following info: 
Server: GitHub.com
Date: Fri, 18 Aug 2023 05:33:32 GMT
Content-Type: text/html; charset=utf-8
Vary: X-PJAX, X-PJAX-Container, Turbo-Visit, Turbo-Frame, Accept-Encoding, Accept, X-Requested-With
ETag: W/"2c637fdbc92ccee4ad84b7c746a4e498"
Cache-Control: max-age=0, private, must-revalidate
Strict-Transport-Security: max-age=31536000; includeSubdomains; preload
X-Frame-Options: deny
X-Content-Type-Options: nosniff
X-XSS-Protection: 0
Referrer-Policy: no-referrer-when-downgrade
Content-Security-Policy: default-src 'none'; base-uri 'self'; child-src github.com/assets-cdn/worker/ gist.github.com/assets-cdn/worker/; connect-src 'self' uploads.github.com objects-origin.githubusercontent.com www.githubstatus.com collector.github.com raw.githubusercontent.com api.github.com github-cloud.s3.amazonaws.com github-production-repository-file-5c1aeb.s3.amazonaws.com github-production-upload-manifest-file-7fdce7.s3.amazonaws.com github-production-user-asset-6210df.s3.amazonaws.com cdn.optimizely.com logx.optimizely.com/v1/events *.actions.githubusercontent.com productionresultssa0.blob.core.windows.net/ productionresultssa1.blob.core.windows.net/ productionresultssa2.blob.core.windows.net/ productionresultssa3.blob.core.windows.net/ productionresultssa4.blob.core.windows.net/ productionresultssa5.blob.core.windows.net/ productionresultssa6.blob.core.windows.net/ productionresultssa7.blob.core.windows.net/ productionresultssa8.blob.core.windows.net/ productionresultssa9.blob.core.windows.net/ wss://*.actions.githubusercontent.com github-production-repository-image-32fea6.s3.amazonaws.com github-production-release-asset-2e65be.s3.amazonaws.com insights.github.com wss://alive.github.com; font-src github.githubassets.com; form-action 'self' github.com gist.github.com objects-origin.githubusercontent.com; frame-ancestors 'none'; frame-src viewscreen.githubusercontent.com notebooks.githubusercontent.com; img-src 'self' data: github.githubassets.com media.githubusercontent.com camo.githubusercontent.com identicons.github.com avatars.githubusercontent.com github-cloud.s3.amazonaws.com objects.githubusercontent.com objects-origin.githubusercontent.com secured-user-images.githubusercontent.com/ user-images.githubusercontent.com/ private-user-images.githubusercontent.com opengraph.githubassets.com github-production-user-asset-6210df.s3.amazonaws.com customer-stories-feed.github.com spotlights-feed.github.com *.githubusercontent.com; manifest-src 'self'; media-src github.com user-images.githubusercontent.com/ secured-user-images.githubusercontent.com/ private-user-images.githubusercontent.com; script-src github.githubassets.com; style-src 'unsafe-inline' github.githubassets.com; upgrade-insecure-requests; worker-src github.com/assets-cdn/worker/ gist.github.com/assets-cdn/worker/
Set-Cookie: _gh_sess=O8nwhu5RHPxVUyLHxd97Qwdf7nE3ZPCGMWTOS4fke5bFSN4WNs1UnthHGnGeRXh%2BQN3wOJSkPQuIcHgeFi0RKo7vylX%2FZJZZ5yp91BPy0VPDMcxrool8exC7eG2j2Q%2BDtdFYxxIQicu1aO9QT5uC3Z89SLU8sc19Ja0RFxhU%2FSd4edm1bRnlGRyjk3VgQxfGXPIhY52rhj97HqpTecQUb1Q2bBkqEU%2FfI3WOt%2F2DTlQ2OAqXJsaLWggO0oBKYhY0loHRWQYNsGjN1o3WDkLR7w%3D%3D--KLcRPkkwTV5glLT7--nsDn2hf8c2aMA09UwmysFA%3D%3D; Path=/; HttpOnly; Secure; SameSite=Lax
Set-Cookie: _octo=GH1.1.1037727895.1692336812; Path=/; Domain=github.com; Expires=Sun, 18 Aug 2024 05:33:32 GMT; Secure; SameSite=Lax
Set-Cookie: logged_in=no; Path=/; Domain=github.com; Expires=Sun, 18 Aug 2024 05:33:32 GMT; HttpOnly; Secure; SameSite=Lax
Accept-Ranges: bytes
Transfer-Encoding: chunked
X-GitHub-Request-Id: FF4A:7154:429A378:45191F7:64DF02AB
connection: close

]
[2023-08-17 22:48:33,157: INFO: common: yaml file: config\config.yaml loaded successfully]
[2023-08-17 22:48:33,160: INFO: common: yaml file: params.yaml loaded successfully]
[2023-08-17 22:48:33,162: INFO: common: created directory at: artifacts]
[2023-08-17 22:48:33,164: INFO: common: created directory at: artifacts/data_ingestion]
[2023-08-17 22:48:34,157: INFO: 3105121029: artifacts/data_ingestion/data.zip download! with following info: 
Connection: close
Content-Length: 7903594
Cache-Control: max-age=300
Content-Security-Policy: default-src 'none'; style-src 'unsafe-inline'; sandbox
Content-Type: application/zip
ETag: "dbc016a060da18070593b83afff580c9b300f0b6ea4147a7988433e04df246ca"
Strict-Transport-Security: max-age=31536000
X-Content-Type-Options: nosniff
X-Frame-Options: deny
X-XSS-Protection: 1; mode=block
X-GitHub-Request-Id: 9DEA:8585:C2E585:E3D473:64DF0630
Accept-Ranges: bytes
Date: Fri, 18 Aug 2023 05:48:32 GMT
Via: 1.1 varnish
X-Served-By: cache-pao-kpao1770029-PAO
X-Cache: MISS
X-Cache-Hits: 0
X-Timer: S1692337712.318725,VS0,VE308
Vary: Authorization,Accept-Encoding,Origin
Access-Control-Allow-Origin: *
Cross-Origin-Resource-Policy: cross-origin
X-Fastly-Request-ID: 44b51417df28557212c464ca6d54c915740b4c37
Expires: Fri, 18 Aug 2023 05:53:32 GMT
Source-Age: 0

]
